# JRE version: Java(TM) SE Runtime Environment (8.0_231-b11) (build 1.8.0_231-b11)
# Java VM: Java HotSpot(TM) 64-Bit Server VM (25.231-b11 mixed mode windows-amd64 compressed oops)
Heap:
 PSYoungGen      total 148992K, used 54343K [0x00000000eb400000, 0x00000000f8f80000, 0x0000000100000000)
  eden space 139264K, 32% used [0x00000000eb400000,0x00000000edf95478,0x00000000f3c00000)
  from space 9728K, 99% used [0x00000000f3c00000,0x00000000f457ca90,0x00000000f4580000)
  to   space 14848K, 0% used [0x00000000f8100000,0x00000000f8100000,0x00000000f8f80000)
 ParOldGen       total 39936K, used 20328K [0x00000000c1c00000, 0x00000000c4300000, 0x00000000eb400000)
  object space 39936K, 50% used [0x00000000c1c00000,0x00000000c2fda2d0,0x00000000c4300000)
 Metaspace       used 53357K, capacity 56902K, committed 57136K, reserved 1097728K
  class space    used 7305K, capacity 7908K, committed 7984K, reserved 1048576K
GC Heap History (10 events):
Event: 7.717 GC heap before
{Heap before GC invocations=11 (full 1):
 PSYoungGen      total 70656K, used 68498K [0x00000000eb400000, 0x00000000f1f00000, 0x0000000100000000)
  eden space 64000K, 100% used [0x00000000eb400000,0x00000000ef280000,0x00000000ef280000)
  from space 6656K, 67% used [0x00000000ef280000,0x00000000ef6e4850,0x00000000ef900000)
  to   space 6656K, 0% used [0x00000000f1880000,0x00000000f1880000,0x00000000f1f00000)
 ParOldGen       total 26624K, used 5000K [0x00000000c1c00000, 0x00000000c3600000, 0x00000000eb400000)
  object space 26624K, 18% used [0x00000000c1c00000,0x00000000c20e22a0,0x00000000c3600000)
 Metaspace       used 25911K, capacity 27688K, committed 27824K, reserved 1073152K
  class space    used 3363K, capacity 3708K, committed 3760K, reserved 1048576K
Event: 7.731 GC heap after
Heap after GC invocations=11 (full 1):
 PSYoungGen      total 101888K, used 6020K [0x00000000eb400000, 0x00000000f1f00000, 0x0000000100000000)
  eden space 95232K, 0% used [0x00000000eb400000,0x00000000eb400000,0x00000000f1100000)
  from space 6656K, 90% used [0x00000000f1880000,0x00000000f1e612e8,0x00000000f1f00000)
  to   space 7168K, 0% used [0x00000000f1100000,0x00000000f1100000,0x00000000f1800000)
 ParOldGen       total 26624K, used 5000K [0x00000000c1c00000, 0x00000000c3600000, 0x00000000eb400000)
  object space 26624K, 18% used [0x00000000c1c00000,0x00000000c20e22a0,0x00000000c3600000)
 Metaspace       used 25911K, capacity 27688K, committed 27824K, reserved 1073152K
  class space    used 3363K, capacity 3708K, committed 3760K, reserved 1048576K
}
Event: 10.966 GC heap before
{Heap before GC invocations=12 (full 1):
 PSYoungGen      total 101888K, used 101252K [0x00000000eb400000, 0x00000000f1f00000, 0x0000000100000000)
  eden space 95232K, 100% used [0x00000000eb400000,0x00000000f1100000,0x00000000f1100000)
  from space 6656K, 90% used [0x00000000f1880000,0x00000000f1e612e8,0x00000000f1f00000)
  to   space 7168K, 0% used [0x00000000f1100000,0x00000000f1100000,0x00000000f1800000)
 ParOldGen       total 26624K, used 5000K [0x00000000c1c00000, 0x00000000c3600000, 0x00000000eb400000)
  object space 26624K, 18% used [0x00000000c1c00000,0x00000000c20e22a0,0x00000000c3600000)
 Metaspace       used 32982K, capacity 35286K, committed 35632K, reserved 1079296K
  class space    used 4423K, capacity 4842K, committed 4912K, reserved 1048576K
Event: 10.982 GC heap after
Heap after GC invocations=12 (full 1):
 PSYoungGen      total 102400K, used 7147K [0x00000000eb400000, 0x00000000f4f00000, 0x0000000100000000)
  eden space 95232K, 0% used [0x00000000eb400000,0x00000000eb400000,0x00000000f1100000)
  from space 7168K, 99% used [0x00000000f1100000,0x00000000f17faf38,0x00000000f1800000)
  to   space 9728K, 0% used [0x00000000f4580000,0x00000000f4580000,0x00000000f4f00000)
 ParOldGen       total 26624K, used 9353K [0x00000000c1c00000, 0x00000000c3600000, 0x00000000eb400000)
  object space 26624K, 35% used [0x00000000c1c00000,0x00000000c25225c0,0x00000000c3600000)
 Metaspace       used 32982K, capacity 35286K, committed 35632K, reserved 1079296K
  class space    used 4423K, capacity 4842K, committed 4912K, reserved 1048576K
}
Event: 11.135 GC heap before
{Heap before GC invocations=13 (full 1):
 PSYoungGen      total 102400K, used 13281K [0x00000000eb400000, 0x00000000f4f00000, 0x0000000100000000)
  eden space 95232K, 6% used [0x00000000eb400000,0x00000000eb9fd500,0x00000000f1100000)
  from space 7168K, 99% used [0x00000000f1100000,0x00000000f17faf38,0x00000000f1800000)
  to   space 9728K, 0% used [0x00000000f4580000,0x00000000f4580000,0x00000000f4f00000)
 ParOldGen       total 26624K, used 9353K [0x00000000c1c00000, 0x00000000c3600000, 0x00000000eb400000)
  object space 26624K, 35% used [0x00000000c1c00000,0x00000000c25225c0,0x00000000c3600000)
 Metaspace       used 33546K, capacity 35886K, committed 36016K, reserved 1081344K
  class space    used 4521K, capacity 4958K, committed 5040K, reserved 1048576K
Event: 11.143 GC heap after
Heap after GC invocations=13 (full 1):
 PSYoungGen      total 148992K, used 631K [0x00000000eb400000, 0x00000000f5080000, 0x0000000100000000)
  eden space 139264K, 0% used [0x00000000eb400000,0x00000000eb400000,0x00000000f3c00000)
  from space 9728K, 6% used [0x00000000f4580000,0x00000000f461df18,0x00000000f4f00000)
  to   space 9728K, 0% used [0x00000000f3c00000,0x00000000f3c00000,0x00000000f4580000)
 ParOldGen       total 26624K, used 12752K [0x00000000c1c00000, 0x00000000c3600000, 0x00000000eb400000)
  object space 26624K, 47% used [0x00000000c1c00000,0x00000000c2874160,0x00000000c3600000)
 Metaspace       used 33546K, capacity 35886K, committed 36016K, reserved 1081344K
  class space    used 4521K, capacity 4958K, committed 5040K, reserved 1048576K
}
Event: 11.143 GC heap before
{Heap before GC invocations=14 (full 2):
 PSYoungGen      total 148992K, used 631K [0x00000000eb400000, 0x00000000f5080000, 0x0000000100000000)
  eden space 139264K, 0% used [0x00000000eb400000,0x00000000eb400000,0x00000000f3c00000)
  from space 9728K, 6% used [0x00000000f4580000,0x00000000f461df18,0x00000000f4f00000)
  to   space 9728K, 0% used [0x00000000f3c00000,0x00000000f3c00000,0x00000000f4580000)
 ParOldGen       total 26624K, used 12752K [0x00000000c1c00000, 0x00000000c3600000, 0x00000000eb400000)
  object space 26624K, 47% used [0x00000000c1c00000,0x00000000c2874160,0x00000000c3600000)
 Metaspace       used 33546K, capacity 35886K, committed 36016K, reserved 1081344K
  class space    used 4521K, capacity 4958K, committed 5040K, reserved 1048576K
Event: 11.252 GC heap after
Heap after GC invocations=14 (full 2):
 PSYoungGen      total 148992K, used 0K [0x00000000eb400000, 0x00000000f5080000, 0x0000000100000000)
  eden space 139264K, 0% used [0x00000000eb400000,0x00000000eb400000,0x00000000f3c00000)
  from space 9728K, 0% used [0x00000000f4580000,0x00000000f4580000,0x00000000f4f00000)
  to   space 9728K, 0% used [0x00000000f3c00000,0x00000000f3c00000,0x00000000f4580000)
 ParOldGen       total 39936K, used 10992K [0x00000000c1c00000, 0x00000000c4300000, 0x00000000eb400000)
  object space 39936K, 27% used [0x00000000c1c00000,0x00000000c26bc008,0x00000000c4300000)
 Metaspace       used 33546K, capacity 35886K, committed 36016K, reserved 1081344K
  class space    used 4521K, capacity 4958K, committed 5040K, reserved 1048576K
}
Event: 18.983 GC heap before
{Heap before GC invocations=15 (full 2):
 PSYoungGen      total 148992K, used 139264K [0x00000000eb400000, 0x00000000f5080000, 0x0000000100000000)
  eden space 139264K, 100% used [0x00000000eb400000,0x00000000f3c00000,0x00000000f3c00000)
  from space 9728K, 0% used [0x00000000f4580000,0x00000000f4580000,0x00000000f4f00000)
  to   space 9728K, 0% used [0x00000000f3c00000,0x00000000f3c00000,0x00000000f4580000)
 ParOldGen       total 39936K, used 10992K [0x00000000c1c00000, 0x00000000c4300000, 0x00000000eb400000)
  object space 39936K, 27% used [0x00000000c1c00000,0x00000000c26bc008,0x00000000c4300000)
 Metaspace       used 50442K, capacity 53186K, committed 53552K, reserved 1095680K
  class space    used 6868K, capacity 7368K, committed 7472K, reserved 1048576K
Event: 19.030 GC heap after
Heap after GC invocations=15 (full 2):
 PSYoungGen      total 148992K, used 9714K [0x00000000eb400000, 0x00000000f8f80000, 0x0000000100000000)
  eden space 139264K, 0% used [0x00000000eb400000,0x00000000eb400000,0x00000000f3c00000)
  from space 9728K, 99% used [0x00000000f3c00000,0x00000000f457ca90,0x00000000f4580000)
  to   space 14848K, 0% used [0x00000000f8100000,0x00000000f8100000,0x00000000f8f80000)
 ParOldGen       total 39936K, used 20328K [0x00000000c1c00000, 0x00000000c4300000, 0x00000000eb400000)
  object space 39936K, 50% used [0x00000000c1c00000,0x00000000c2fda2d0,0x00000000c4300000)
 Metaspace       used 50442K, capacity 53186K, committed 53552K, reserved 1095680K
  class space    used 6868K, capacity 7368K, committed 7472K, reserved 1048576K
}

