# JRE version: Java(TM) SE Runtime Environment (8.0_231-b11) (build 1.8.0_231-b11)
# Java VM: Java HotSpot(TM) 64-Bit Server VM (25.231-b11 mixed mode windows-amd64 compressed oops)
Heap:
 PSYoungGen      total 35328K, used 32484K [0x00000000eb400000, 0x00000000ed900000, 0x0000000100000000)
  eden space 32768K, 94% used [0x00000000eb400000,0x00000000ed259588,0x00000000ed400000)
  from space 2560K, 54% used [0x00000000ed680000,0x00000000ed7dfb38,0x00000000ed900000)
  to   space 2560K, 0% used [0x00000000ed400000,0x00000000ed400000,0x00000000ed680000)
 ParOldGen       total 36352K, used 9312K [0x00000000c1c00000, 0x00000000c3f80000, 0x00000000eb400000)
  object space 36352K, 25% used [0x00000000c1c00000,0x00000000c2518080,0x00000000c3f80000)
 Metaspace       used 24244K, capacity 25898K, committed 26032K, reserved 1071104K
  class space    used 3144K, capacity 3475K, committed 3504K, reserved 1048576K
GC Heap History (10 events):
Event: 4.318 GC heap before
{Heap before GC invocations=5 (full 0):
 PSYoungGen      total 35328K, used 35315K [0x00000000eb400000, 0x00000000ed900000, 0x0000000100000000)
  eden space 32768K, 100% used [0x00000000eb400000,0x00000000ed400000,0x00000000ed400000)
  from space 2560K, 99% used [0x00000000ed680000,0x00000000ed8fcd48,0x00000000ed900000)
  to   space 2560K, 0% used [0x00000000ed400000,0x00000000ed400000,0x00000000ed680000)
 ParOldGen       total 44032K, used 3827K [0x00000000c1c00000, 0x00000000c4700000, 0x00000000eb400000)
  object space 44032K, 8% used [0x00000000c1c00000,0x00000000c1fbcee0,0x00000000c4700000)
 Metaspace       used 16240K, capacity 17466K, committed 17792K, reserved 1064960K
  class space    used 2096K, capacity 2343K, committed 2432K, reserved 1048576K
Event: 4.329 GC heap after
Heap after GC invocations=5 (full 0):
 PSYoungGen      total 35328K, used 2531K [0x00000000eb400000, 0x00000000ed900000, 0x0000000100000000)
  eden space 32768K, 0% used [0x00000000eb400000,0x00000000eb400000,0x00000000ed400000)
  from space 2560K, 98% used [0x00000000ed400000,0x00000000ed678d58,0x00000000ed680000)
  to   space 2560K, 0% used [0x00000000ed680000,0x00000000ed680000,0x00000000ed900000)
 ParOldGen       total 44032K, used 6957K [0x00000000c1c00000, 0x00000000c4700000, 0x00000000eb400000)
  object space 44032K, 15% used [0x00000000c1c00000,0x00000000c22cb6a0,0x00000000c4700000)
 Metaspace       used 16240K, capacity 17466K, committed 17792K, reserved 1064960K
  class space    used 2096K, capacity 2343K, committed 2432K, reserved 1048576K
}
Event: 5.110 GC heap before
{Heap before GC invocations=6 (full 0):
 PSYoungGen      total 35328K, used 33006K [0x00000000eb400000, 0x00000000ed900000, 0x0000000100000000)
  eden space 32768K, 93% used [0x00000000eb400000,0x00000000ed1c2db0,0x00000000ed400000)
  from space 2560K, 98% used [0x00000000ed400000,0x00000000ed678d58,0x00000000ed680000)
  to   space 2560K, 0% used [0x00000000ed680000,0x00000000ed680000,0x00000000ed900000)
 ParOldGen       total 44032K, used 6957K [0x00000000c1c00000, 0x00000000c4700000, 0x00000000eb400000)
  object space 44032K, 15% used [0x00000000c1c00000,0x00000000c22cb6a0,0x00000000c4700000)
 Metaspace       used 19758K, capacity 21266K, committed 21296K, reserved 1067008K
  class space    used 2544K, capacity 2849K, committed 2864K, reserved 1048576K
Event: 5.119 GC heap after
Heap after GC invocations=6 (full 0):
 PSYoungGen      total 35328K, used 2533K [0x00000000eb400000, 0x00000000ed900000, 0x0000000100000000)
  eden space 32768K, 0% used [0x00000000eb400000,0x00000000eb400000,0x00000000ed400000)
  from space 2560K, 98% used [0x00000000ed680000,0x00000000ed8f94f8,0x00000000ed900000)
  to   space 2560K, 0% used [0x00000000ed400000,0x00000000ed400000,0x00000000ed680000)
 ParOldGen       total 44032K, used 10465K [0x00000000c1c00000, 0x00000000c4700000, 0x00000000eb400000)
  object space 44032K, 23% used [0x00000000c1c00000,0x00000000c26387b8,0x00000000c4700000)
 Metaspace       used 19758K, capacity 21266K, committed 21296K, reserved 1067008K
  class space    used 2544K, capacity 2849K, committed 2864K, reserved 1048576K
}
Event: 5.119 GC heap before
{Heap before GC invocations=7 (full 1):
 PSYoungGen      total 35328K, used 2533K [0x00000000eb400000, 0x00000000ed900000, 0x0000000100000000)
  eden space 32768K, 0% used [0x00000000eb400000,0x00000000eb400000,0x00000000ed400000)
  from space 2560K, 98% used [0x00000000ed680000,0x00000000ed8f94f8,0x00000000ed900000)
  to   space 2560K, 0% used [0x00000000ed400000,0x00000000ed400000,0x00000000ed680000)
 ParOldGen       total 44032K, used 10465K [0x00000000c1c00000, 0x00000000c4700000, 0x00000000eb400000)
  object space 44032K, 23% used [0x00000000c1c00000,0x00000000c26387b8,0x00000000c4700000)
 Metaspace       used 19758K, capacity 21266K, committed 21296K, reserved 1067008K
  class space    used 2544K, capacity 2849K, committed 2864K, reserved 1048576K
Event: 5.171 GC heap after
Heap after GC invocations=7 (full 1):
 PSYoungGen      total 35328K, used 0K [0x00000000eb400000, 0x00000000ed900000, 0x0000000100000000)
  eden space 32768K, 0% used [0x00000000eb400000,0x00000000eb400000,0x00000000ed400000)
  from space 2560K, 0% used [0x00000000ed680000,0x00000000ed680000,0x00000000ed900000)
  to   space 2560K, 0% used [0x00000000ed400000,0x00000000ed400000,0x00000000ed680000)
 ParOldGen       total 36352K, used 7363K [0x00000000c1c00000, 0x00000000c3f80000, 0x00000000eb400000)
  object space 36352K, 20% used [0x00000000c1c00000,0x00000000c2330fb8,0x00000000c3f80000)
 Metaspace       used 19758K, capacity 21266K, committed 21296K, reserved 1067008K
  class space    used 2544K, capacity 2849K, committed 2864K, reserved 1048576K
}
Event: 5.658 GC heap before
{Heap before GC invocations=8 (full 1):
 PSYoungGen      total 35328K, used 32768K [0x00000000eb400000, 0x00000000ed900000, 0x0000000100000000)
  eden space 32768K, 100% used [0x00000000eb400000,0x00000000ed400000,0x00000000ed400000)
  from space 2560K, 0% used [0x00000000ed680000,0x00000000ed680000,0x00000000ed900000)
  to   space 2560K, 0% used [0x00000000ed400000,0x00000000ed400000,0x00000000ed680000)
 ParOldGen       total 36352K, used 7363K [0x00000000c1c00000, 0x00000000c3f80000, 0x00000000eb400000)
  object space 36352K, 20% used [0x00000000c1c00000,0x00000000c2330fb8,0x00000000c3f80000)
 Metaspace       used 23019K, capacity 24630K, committed 24880K, reserved 1071104K
  class space    used 3002K, capacity 3319K, committed 3376K, reserved 1048576K
Event: 5.663 GC heap after
Heap after GC invocations=8 (full 1):
 PSYoungGen      total 35328K, used 2551K [0x00000000eb400000, 0x00000000ed900000, 0x0000000100000000)
  eden space 32768K, 0% used [0x00000000eb400000,0x00000000eb400000,0x00000000ed400000)
  from space 2560K, 99% used [0x00000000ed400000,0x00000000ed67dce8,0x00000000ed680000)
  to   space 2560K, 0% used [0x00000000ed680000,0x00000000ed680000,0x00000000ed900000)
 ParOldGen       total 36352K, used 9312K [0x00000000c1c00000, 0x00000000c3f80000, 0x00000000eb400000)
  object space 36352K, 25% used [0x00000000c1c00000,0x00000000c2518080,0x00000000c3f80000)
 Metaspace       used 23019K, capacity 24630K, committed 24880K, reserved 1071104K
  class space    used 3002K, capacity 3319K, committed 3376K, reserved 1048576K
}
Event: 5.705 GC heap before
{Heap before GC invocations=9 (full 1):
 PSYoungGen      total 35328K, used 35318K [0x00000000eb400000, 0x00000000ed900000, 0x0000000100000000)
  eden space 32768K, 99% used [0x00000000eb400000,0x00000000ed3ffbe0,0x00000000ed400000)
  from space 2560K, 99% used [0x00000000ed400000,0x00000000ed67dce8,0x00000000ed680000)
  to   space 2560K, 0% used [0x00000000ed680000,0x00000000ed680000,0x00000000ed900000)
 ParOldGen       total 36352K, used 9312K [0x00000000c1c00000, 0x00000000c3f80000, 0x00000000eb400000)
  object space 36352K, 25% used [0x00000000c1c00000,0x00000000c2518080,0x00000000c3f80000)
 Metaspace       used 23164K, capacity 24810K, committed 24880K, reserved 1071104K
  class space    used 3030K, capacity 3355K, committed 3376K, reserved 1048576K
Event: 5.707 GC heap after
Heap after GC invocations=9 (full 1):
 PSYoungGen      total 35328K, used 1406K [0x00000000eb400000, 0x00000000ed900000, 0x0000000100000000)
  eden space 32768K, 0% used [0x00000000eb400000,0x00000000eb400000,0x00000000ed400000)
  from space 2560K, 54% used [0x00000000ed680000,0x00000000ed7dfb38,0x00000000ed900000)
  to   space 2560K, 0% used [0x00000000ed400000,0x00000000ed400000,0x00000000ed680000)
 ParOldGen       total 36352K, used 9312K [0x00000000c1c00000, 0x00000000c3f80000, 0x00000000eb400000)
  object space 36352K, 25% used [0x00000000c1c00000,0x00000000c2518080,0x00000000c3f80000)
 Metaspace       used 23164K, capacity 24810K, committed 24880K, reserved 1071104K
  class space    used 3030K, capacity 3355K, committed 3376K, reserved 1048576K
}

