# JRE version: Java(TM) SE Runtime Environment (8.0_231-b11) (build 1.8.0_231-b11)
# Java VM: Java HotSpot(TM) 64-Bit Server VM (25.231-b11 mixed mode windows-amd64 compressed oops)
Heap:
 PSYoungGen      total 39424K, used 12258K [0x00000000eb400000, 0x00000000ef380000, 0x0000000100000000)
  eden space 32768K, 32% used [0x00000000eb400000,0x00000000ebe84ef0,0x00000000ed400000)
  from space 6656K, 22% used [0x00000000eed00000,0x00000000eee73c68,0x00000000ef380000)
  to   space 2560K, 0% used [0x00000000ed400000,0x00000000ed400000,0x00000000ed680000)
 ParOldGen       total 34304K, used 9237K [0x00000000c1c00000, 0x00000000c3d80000, 0x00000000eb400000)
  object space 34304K, 26% used [0x00000000c1c00000,0x00000000c2505550,0x00000000c3d80000)
 Metaspace       used 23398K, capacity 25004K, committed 25136K, reserved 1071104K
  class space    used 3044K, capacity 3354K, committed 3376K, reserved 1048576K
GC Heap History (10 events):
Event: 4.486 GC heap before
{Heap before GC invocations=5 (full 0):
 PSYoungGen      total 35328K, used 35312K [0x00000000eb400000, 0x00000000ed900000, 0x0000000100000000)
  eden space 32768K, 100% used [0x00000000eb400000,0x00000000ed400000,0x00000000ed400000)
  from space 2560K, 99% used [0x00000000ed680000,0x00000000ed8fc258,0x00000000ed900000)
  to   space 2560K, 0% used [0x00000000ed400000,0x00000000ed400000,0x00000000ed680000)
 ParOldGen       total 44032K, used 3844K [0x00000000c1c00000, 0x00000000c4700000, 0x00000000eb400000)
  object space 44032K, 8% used [0x00000000c1c00000,0x00000000c1fc11d0,0x00000000c4700000)
 Metaspace       used 16265K, capacity 17542K, committed 17792K, reserved 1064960K
  class space    used 2096K, capacity 2343K, committed 2432K, reserved 1048576K
Event: 4.498 GC heap after
Heap after GC invocations=5 (full 0):
 PSYoungGen      total 35328K, used 2550K [0x00000000eb400000, 0x00000000ed900000, 0x0000000100000000)
  eden space 32768K, 0% used [0x00000000eb400000,0x00000000eb400000,0x00000000ed400000)
  from space 2560K, 99% used [0x00000000ed400000,0x00000000ed67d8b0,0x00000000ed680000)
  to   space 2560K, 0% used [0x00000000ed680000,0x00000000ed680000,0x00000000ed900000)
 ParOldGen       total 44032K, used 6916K [0x00000000c1c00000, 0x00000000c4700000, 0x00000000eb400000)
  object space 44032K, 15% used [0x00000000c1c00000,0x00000000c22c10a0,0x00000000c4700000)
 Metaspace       used 16265K, capacity 17542K, committed 17792K, reserved 1064960K
  class space    used 2096K, capacity 2343K, committed 2432K, reserved 1048576K
}
Event: 5.220 GC heap before
{Heap before GC invocations=6 (full 0):
 PSYoungGen      total 35328K, used 32817K [0x00000000eb400000, 0x00000000ed900000, 0x0000000100000000)
  eden space 32768K, 92% used [0x00000000eb400000,0x00000000ed18ecc8,0x00000000ed400000)
  from space 2560K, 99% used [0x00000000ed400000,0x00000000ed67d8b0,0x00000000ed680000)
  to   space 2560K, 0% used [0x00000000ed680000,0x00000000ed680000,0x00000000ed900000)
 ParOldGen       total 44032K, used 6916K [0x00000000c1c00000, 0x00000000c4700000, 0x00000000eb400000)
  object space 44032K, 15% used [0x00000000c1c00000,0x00000000c22c10a0,0x00000000c4700000)
 Metaspace       used 19706K, capacity 21220K, committed 21296K, reserved 1067008K
  class space    used 2545K, capacity 2850K, committed 2864K, reserved 1048576K
Event: 5.229 GC heap after
Heap after GC invocations=6 (full 0):
 PSYoungGen      total 35328K, used 2550K [0x00000000eb400000, 0x00000000ed900000, 0x0000000100000000)
  eden space 32768K, 0% used [0x00000000eb400000,0x00000000eb400000,0x00000000ed400000)
  from space 2560K, 99% used [0x00000000ed680000,0x00000000ed8fdaf8,0x00000000ed900000)
  to   space 2560K, 0% used [0x00000000ed400000,0x00000000ed400000,0x00000000ed680000)
 ParOldGen       total 44032K, used 10336K [0x00000000c1c00000, 0x00000000c4700000, 0x00000000eb400000)
  object space 44032K, 23% used [0x00000000c1c00000,0x00000000c2618160,0x00000000c4700000)
 Metaspace       used 19706K, capacity 21220K, committed 21296K, reserved 1067008K
  class space    used 2545K, capacity 2850K, committed 2864K, reserved 1048576K
}
Event: 5.229 GC heap before
{Heap before GC invocations=7 (full 1):
 PSYoungGen      total 35328K, used 2550K [0x00000000eb400000, 0x00000000ed900000, 0x0000000100000000)
  eden space 32768K, 0% used [0x00000000eb400000,0x00000000eb400000,0x00000000ed400000)
  from space 2560K, 99% used [0x00000000ed680000,0x00000000ed8fdaf8,0x00000000ed900000)
  to   space 2560K, 0% used [0x00000000ed400000,0x00000000ed400000,0x00000000ed680000)
 ParOldGen       total 44032K, used 10336K [0x00000000c1c00000, 0x00000000c4700000, 0x00000000eb400000)
  object space 44032K, 23% used [0x00000000c1c00000,0x00000000c2618160,0x00000000c4700000)
 Metaspace       used 19706K, capacity 21220K, committed 21296K, reserved 1067008K
  class space    used 2545K, capacity 2850K, committed 2864K, reserved 1048576K
Event: 5.279 GC heap after
Heap after GC invocations=7 (full 1):
 PSYoungGen      total 35328K, used 0K [0x00000000eb400000, 0x00000000ed900000, 0x0000000100000000)
  eden space 32768K, 0% used [0x00000000eb400000,0x00000000eb400000,0x00000000ed400000)
  from space 2560K, 0% used [0x00000000ed680000,0x00000000ed680000,0x00000000ed900000)
  to   space 2560K, 0% used [0x00000000ed400000,0x00000000ed400000,0x00000000ed680000)
 ParOldGen       total 34304K, used 7282K [0x00000000c1c00000, 0x00000000c3d80000, 0x00000000eb400000)
  object space 34304K, 21% used [0x00000000c1c00000,0x00000000c231ca80,0x00000000c3d80000)
 Metaspace       used 19706K, capacity 21220K, committed 21296K, reserved 1067008K
  class space    used 2545K, capacity 2850K, committed 2864K, reserved 1048576K
}
Event: 5.852 GC heap before
{Heap before GC invocations=8 (full 1):
 PSYoungGen      total 35328K, used 32768K [0x00000000eb400000, 0x00000000ed900000, 0x0000000100000000)
  eden space 32768K, 100% used [0x00000000eb400000,0x00000000ed400000,0x00000000ed400000)
  from space 2560K, 0% used [0x00000000ed680000,0x00000000ed680000,0x00000000ed900000)
  to   space 2560K, 0% used [0x00000000ed400000,0x00000000ed400000,0x00000000ed680000)
 ParOldGen       total 34304K, used 7282K [0x00000000c1c00000, 0x00000000c3d80000, 0x00000000eb400000)
  object space 34304K, 21% used [0x00000000c1c00000,0x00000000c231ca80,0x00000000c3d80000)
 Metaspace       used 23004K, capacity 24588K, committed 24880K, reserved 1071104K
  class space    used 3011K, capacity 3322K, committed 3376K, reserved 1048576K
Event: 5.856 GC heap after
Heap after GC invocations=8 (full 1):
 PSYoungGen      total 35328K, used 2543K [0x00000000eb400000, 0x00000000ef380000, 0x0000000100000000)
  eden space 32768K, 0% used [0x00000000eb400000,0x00000000eb400000,0x00000000ed400000)
  from space 2560K, 99% used [0x00000000ed400000,0x00000000ed67bee0,0x00000000ed680000)
  to   space 6656K, 0% used [0x00000000eed00000,0x00000000eed00000,0x00000000ef380000)
 ParOldGen       total 34304K, used 9229K [0x00000000c1c00000, 0x00000000c3d80000, 0x00000000eb400000)
  object space 34304K, 26% used [0x00000000c1c00000,0x00000000c2503550,0x00000000c3d80000)
 Metaspace       used 23004K, capacity 24588K, committed 24880K, reserved 1071104K
  class space    used 3011K, capacity 3322K, committed 3376K, reserved 1048576K
}
Event: 5.903 GC heap before
{Heap before GC invocations=9 (full 1):
 PSYoungGen      total 35328K, used 35285K [0x00000000eb400000, 0x00000000ef380000, 0x0000000100000000)
  eden space 32768K, 99% used [0x00000000eb400000,0x00000000ed3f98e0,0x00000000ed400000)
  from space 2560K, 99% used [0x00000000ed400000,0x00000000ed67bee0,0x00000000ed680000)
  to   space 6656K, 0% used [0x00000000eed00000,0x00000000eed00000,0x00000000ef380000)
 ParOldGen       total 34304K, used 9229K [0x00000000c1c00000, 0x00000000c3d80000, 0x00000000eb400000)
  object space 34304K, 26% used [0x00000000c1c00000,0x00000000c2503550,0x00000000c3d80000)
 Metaspace       used 23180K, capacity 24812K, committed 24880K, reserved 1071104K
  class space    used 3031K, capacity 3354K, committed 3376K, reserved 1048576K
Event: 5.906 GC heap after
Heap after GC invocations=9 (full 1):
 PSYoungGen      total 39424K, used 1487K [0x00000000eb400000, 0x00000000ef380000, 0x0000000100000000)
  eden space 32768K, 0% used [0x00000000eb400000,0x00000000eb400000,0x00000000ed400000)
  from space 6656K, 22% used [0x00000000eed00000,0x00000000eee73c68,0x00000000ef380000)
  to   space 2560K, 0% used [0x00000000ed400000,0x00000000ed400000,0x00000000ed680000)
 ParOldGen       total 34304K, used 9237K [0x00000000c1c00000, 0x00000000c3d80000, 0x00000000eb400000)
  object space 34304K, 26% used [0x00000000c1c00000,0x00000000c2505550,0x00000000c3d80000)
 Metaspace       used 23180K, capacity 24812K, committed 24880K, reserved 1071104K
  class space    used 3031K, capacity 3354K, committed 3376K, reserved 1048576K
}

