# JRE version: OpenJDK Runtime Environment Temurin-17.0.4.1+1 (17.0.4.1+1) (build 17.0.4.1+1)
# Java VM: OpenJDK 64-Bit Server VM Temurin-17.0.4.1+1 (17.0.4.1+1, mixed mode, tiered, compressed oops, compressed class ptrs, g1 gc, windows-amd64)
GC Precious Log:
 CPUs: 4 total, 4 available
 Memory: 3979M
 Large Page Support: Disabled
 NUMA Support: Disabled
 Compressed Oops: Enabled (32-bit)
 Heap Region Size: 1M
 Heap Min Capacity: 8M
 Heap Initial Capacity: 64M
 Heap Max Capacity: 996M
 Pre-touch: Disabled
 Parallel Workers: 4
 Concurrent Workers: 1
 Concurrent Refinement Workers: 4
 Periodic GC: Disabled
Heap:
 garbage-first heap   total 65536K, used 22050K [0x00000000c1c00000, 0x0000000100000000)
  region size 1024K, 4 young (4096K), 4 survivors (4096K)
 Metaspace       used 31053K, committed 31360K, reserved 1081344K
  class space    used 3288K, committed 3456K, reserved 1048576K
GC Heap History (20 events):
Event: 8.684 GC heap after
{Heap after GC invocations=2 (full 0):
 garbage-first heap   total 65536K, used 3554K [0x00000000c1c00000, 0x0000000100000000)
  region size 1024K, 1 young (1024K), 1 survivors (1024K)
 Metaspace       used 12823K, committed 12992K, reserved 1064960K
  class space    used 1266K, committed 1344K, reserved 1048576K
}
Event: 11.508 GC heap before
{Heap before GC invocations=2 (full 0):
 garbage-first heap   total 65536K, used 41442K [0x00000000c1c00000, 0x0000000100000000)
  region size 1024K, 38 young (38912K), 1 survivors (1024K)
 Metaspace       used 17858K, committed 18048K, reserved 1064960K
  class space    used 1913K, committed 1984K, reserved 1048576K
}
Event: 11.521 GC heap after
{Heap after GC invocations=3 (full 0):
 garbage-first heap   total 65536K, used 5303K [0x00000000c1c00000, 0x0000000100000000)
  region size 1024K, 3 young (3072K), 3 survivors (3072K)
 Metaspace       used 17858K, committed 18048K, reserved 1064960K
  class space    used 1913K, committed 1984K, reserved 1048576K
}
Event: 13.702 GC heap before
{Heap before GC invocations=3 (full 0):
 garbage-first heap   total 65536K, used 41143K [0x00000000c1c00000, 0x0000000100000000)
  region size 1024K, 38 young (38912K), 3 survivors (3072K)
 Metaspace       used 20869K, committed 21056K, reserved 1073152K
  class space    used 2195K, committed 2304K, reserved 1048576K
}
Event: 13.726 GC heap after
{Heap after GC invocations=4 (full 0):
 garbage-first heap   total 65536K, used 9913K [0x00000000c1c00000, 0x0000000100000000)
  region size 1024K, 5 young (5120K), 5 survivors (5120K)
 Metaspace       used 20869K, committed 21056K, reserved 1073152K
  class space    used 2195K, committed 2304K, reserved 1048576K
}
Event: 14.723 GC heap before
{Heap before GC invocations=4 (full 0):
 garbage-first heap   total 65536K, used 43705K [0x00000000c1c00000, 0x0000000100000000)
  region size 1024K, 38 young (38912K), 5 survivors (5120K)
 Metaspace       used 21361K, committed 21504K, reserved 1073152K
  class space    used 2215K, committed 2304K, reserved 1048576K
}
Event: 14.747 GC heap after
{Heap after GC invocations=5 (full 0):
 garbage-first heap   total 65536K, used 12465K [0x00000000c1c00000, 0x0000000100000000)
  region size 1024K, 3 young (3072K), 3 survivors (3072K)
 Metaspace       used 21361K, committed 21504K, reserved 1073152K
  class space    used 2215K, committed 2304K, reserved 1048576K
}
Event: 14.763 GC heap before
{Heap before GC invocations=5 (full 0):
 garbage-first heap   total 65536K, used 13489K [0x00000000c1c00000, 0x0000000100000000)
  region size 1024K, 5 young (5120K), 3 survivors (3072K)
 Metaspace       used 21372K, committed 21504K, reserved 1073152K
  class space    used 2215K, committed 2304K, reserved 1048576K
}
Event: 14.772 GC heap after
{Heap after GC invocations=6 (full 0):
 garbage-first heap   total 65536K, used 12548K [0x00000000c1c00000, 0x0000000100000000)
  region size 1024K, 3 young (3072K), 3 survivors (3072K)
 Metaspace       used 21372K, committed 21504K, reserved 1073152K
  class space    used 2215K, committed 2304K, reserved 1048576K
}
Event: 18.583 GC heap before
{Heap before GC invocations=7 (full 0):
 garbage-first heap   total 51200K, used 35076K [0x00000000c1c00000, 0x0000000100000000)
  region size 1024K, 26 young (26624K), 3 survivors (3072K)
 Metaspace       used 22490K, committed 22720K, reserved 1073152K
  class space    used 2320K, committed 2432K, reserved 1048576K
}
Event: 18.594 GC heap after
{Heap after GC invocations=8 (full 0):
 garbage-first heap   total 51200K, used 13506K [0x00000000c1c00000, 0x0000000100000000)
  region size 1024K, 4 young (4096K), 4 survivors (4096K)
 Metaspace       used 22490K, committed 22720K, reserved 1073152K
  class space    used 2320K, committed 2432K, reserved 1048576K
}
Event: 18.603 GC heap before
{Heap before GC invocations=8 (full 0):
 garbage-first heap   total 51200K, used 33986K [0x00000000c1c00000, 0x0000000100000000)
  region size 1024K, 5 young (5120K), 4 survivors (4096K)
 Metaspace       used 22491K, committed 22720K, reserved 1073152K
  class space    used 2320K, committed 2432K, reserved 1048576K
}
Event: 18.613 GC heap after
{Heap after GC invocations=9 (full 0):
 garbage-first heap   total 51200K, used 34055K [0x00000000c1c00000, 0x0000000100000000)
  region size 1024K, 1 young (1024K), 1 survivors (1024K)
 Metaspace       used 22491K, committed 22720K, reserved 1073152K
  class space    used 2320K, committed 2432K, reserved 1048576K
}
Event: 19.660 GC heap before
{Heap before GC invocations=9 (full 0):
 garbage-first heap   total 56320K, used 52487K [0x00000000c1c00000, 0x0000000100000000)
  region size 1024K, 8 young (8192K), 1 survivors (1024K)
 Metaspace       used 22685K, committed 22912K, reserved 1073152K
  class space    used 2331K, committed 2432K, reserved 1048576K
}
Event: 19.662 GC heap after
{Heap after GC invocations=10 (full 0):
 garbage-first heap   total 56320K, used 21767K [0x00000000c1c00000, 0x0000000100000000)
  region size 1024K, 1 young (1024K), 1 survivors (1024K)
 Metaspace       used 22685K, committed 22912K, reserved 1073152K
  class space    used 2331K, committed 2432K, reserved 1048576K
}
Event: 20.697 GC heap before
{Heap before GC invocations=11 (full 0):
 garbage-first heap   total 55296K, used 35079K [0x00000000c1c00000, 0x0000000100000000)
  region size 1024K, 22 young (22528K), 1 survivors (1024K)
 Metaspace       used 26645K, committed 26944K, reserved 1073152K
  class space    used 2852K, committed 3008K, reserved 1048576K
}
Event: 20.702 GC heap after
{Heap after GC invocations=12 (full 0):
 garbage-first heap   total 55296K, used 14603K [0x00000000c1c00000, 0x0000000100000000)
  region size 1024K, 2 young (2048K), 2 survivors (2048K)
 Metaspace       used 26645K, committed 26944K, reserved 1073152K
  class space    used 2852K, committed 3008K, reserved 1048576K
}
Event: 20.730 GC heap before
{Heap before GC invocations=12 (full 0):
 garbage-first heap   total 55296K, used 14603K [0x00000000c1c00000, 0x0000000100000000)
  region size 1024K, 3 young (3072K), 2 survivors (2048K)
 Metaspace       used 26868K, committed 27136K, reserved 1081344K
  class space    used 2871K, committed 3008K, reserved 1048576K
}
Event: 20.744 GC heap after
{Heap after GC invocations=13 (full 0):
 garbage-first heap   total 55296K, used 14388K [0x00000000c1c00000, 0x0000000100000000)
  region size 1024K, 1 young (1024K), 1 survivors (1024K)
 Metaspace       used 26868K, committed 27136K, reserved 1081344K
  class space    used 2871K, committed 3008K, reserved 1048576K
}
Event: 21.663 GC heap before
{Heap before GC invocations=13 (full 0):
 garbage-first heap   total 55296K, used 42036K [0x00000000c1c00000, 0x0000000100000000)
  region size 1024K, 27 young (27648K), 1 survivors (1024K)
 Metaspace       used 31053K, committed 31360K, reserved 1081344K
  class space    used 3288K, committed 3456K, reserved 1048576K
}

