# JRE version: Java(TM) SE Runtime Environment (8.0_231-b11) (build 1.8.0_231-b11)
# Java VM: Java HotSpot(TM) 64-Bit Server VM (25.231-b11 mixed mode windows-amd64 compressed oops)
Heap:
 PSYoungGen      total 126464K, used 39441K [0x00000000eb400000, 0x00000000f3d80000, 0x0000000100000000)
  eden space 119296K, 27% used [0x00000000eb400000,0x00000000ed385f98,0x00000000f2880000)
  from space 7168K, 99% used [0x00000000f2f80000,0x00000000f367e700,0x00000000f3680000)
  to   space 4608K, 0% used [0x00000000f3900000,0x00000000f3900000,0x00000000f3d80000)
 ParOldGen       total 41984K, used 23829K [0x00000000c1c00000, 0x00000000c4500000, 0x00000000eb400000)
  object space 41984K, 56% used [0x00000000c1c00000,0x00000000c3345600,0x00000000c4500000)
 Metaspace       used 51787K, capacity 54962K, committed 55088K, reserved 1097728K
  class space    used 7084K, capacity 7654K, committed 7728K, reserved 1048576K
GC Heap History (10 events):
Event: 4.979 GC heap before
{Heap before GC invocations=9 (full 1):
 PSYoungGen      total 71680K, used 64477K [0x00000000eb400000, 0x00000000f4000000, 0x0000000100000000)
  eden space 64512K, 99% used [0x00000000eb400000,0x00000000ef2f7528,0x00000000ef300000)
  from space 7168K, 0% used [0x00000000ef300000,0x00000000ef300000,0x00000000efa00000)
  to   space 7168K, 0% used [0x00000000f3900000,0x00000000f3900000,0x00000000f4000000)
 ParOldGen       total 27136K, used 4888K [0x00000000c1c00000, 0x00000000c3680000, 0x00000000eb400000)
  object space 27136K, 18% used [0x00000000c1c00000,0x00000000c20c6350,0x00000000c3680000)
 Metaspace       used 23178K, capacity 24804K, committed 24880K, reserved 1071104K
  class space    used 3033K, capacity 3354K, committed 3376K, reserved 1048576K
Event: 4.991 GC heap after
Heap after GC invocations=9 (full 1):
 PSYoungGen      total 123904K, used 4581K [0x00000000eb400000, 0x00000000f3d80000, 0x0000000100000000)
  eden space 119296K, 0% used [0x00000000eb400000,0x00000000eb400000,0x00000000f2880000)
  from space 4608K, 99% used [0x00000000f3900000,0x00000000f3d795d0,0x00000000f3d80000)
  to   space 7168K, 0% used [0x00000000f2f80000,0x00000000f2f80000,0x00000000f3680000)
 ParOldGen       total 27136K, used 4888K [0x00000000c1c00000, 0x00000000c3680000, 0x00000000eb400000)
  object space 27136K, 18% used [0x00000000c1c00000,0x00000000c20c6350,0x00000000c3680000)
 Metaspace       used 23178K, capacity 24804K, committed 24880K, reserved 1071104K
  class space    used 3033K, capacity 3354K, committed 3376K, reserved 1048576K
}
Event: 8.932 GC heap before
{Heap before GC invocations=10 (full 1):
 PSYoungGen      total 123904K, used 123877K [0x00000000eb400000, 0x00000000f3d80000, 0x0000000100000000)
  eden space 119296K, 100% used [0x00000000eb400000,0x00000000f2880000,0x00000000f2880000)
  from space 4608K, 99% used [0x00000000f3900000,0x00000000f3d795d0,0x00000000f3d80000)
  to   space 7168K, 0% used [0x00000000f2f80000,0x00000000f2f80000,0x00000000f3680000)
 ParOldGen       total 27136K, used 4888K [0x00000000c1c00000, 0x00000000c3680000, 0x00000000eb400000)
  object space 27136K, 18% used [0x00000000c1c00000,0x00000000c20c6350,0x00000000c3680000)
 Metaspace       used 29240K, capacity 31420K, committed 31536K, reserved 1077248K
  class space    used 3886K, capacity 4298K, committed 4400K, reserved 1048576K
Event: 8.955 GC heap after
Heap after GC invocations=10 (full 1):
 PSYoungGen      total 126464K, used 7163K [0x00000000eb400000, 0x00000000f3d80000, 0x0000000100000000)
  eden space 119296K, 0% used [0x00000000eb400000,0x00000000eb400000,0x00000000f2880000)
  from space 7168K, 99% used [0x00000000f2f80000,0x00000000f367eef0,0x00000000f3680000)
  to   space 4608K, 0% used [0x00000000f3900000,0x00000000f3900000,0x00000000f3d80000)
 ParOldGen       total 27136K, used 8237K [0x00000000c1c00000, 0x00000000c3680000, 0x00000000eb400000)
  object space 27136K, 30% used [0x00000000c1c00000,0x00000000c240b748,0x00000000c3680000)
 Metaspace       used 29240K, capacity 31420K, committed 31536K, reserved 1077248K
  class space    used 3886K, capacity 4298K, committed 4400K, reserved 1048576K
}
Event: 10.876 GC heap before
{Heap before GC invocations=11 (full 1):
 PSYoungGen      total 126464K, used 55771K [0x00000000eb400000, 0x00000000f3d80000, 0x0000000100000000)
  eden space 119296K, 40% used [0x00000000eb400000,0x00000000ee377eb0,0x00000000f2880000)
  from space 7168K, 99% used [0x00000000f2f80000,0x00000000f367eef0,0x00000000f3680000)
  to   space 4608K, 0% used [0x00000000f3900000,0x00000000f3900000,0x00000000f3d80000)
 ParOldGen       total 27136K, used 8237K [0x00000000c1c00000, 0x00000000c3680000, 0x00000000eb400000)
  object space 27136K, 30% used [0x00000000c1c00000,0x00000000c240b748,0x00000000c3680000)
 Metaspace       used 33531K, capacity 35882K, committed 36016K, reserved 1081344K
  class space    used 4518K, capacity 4958K, committed 5040K, reserved 1048576K
Event: 10.889 GC heap after
Heap after GC invocations=11 (full 1):
 PSYoungGen      total 123904K, used 4607K [0x00000000eb400000, 0x00000000f3d80000, 0x0000000100000000)
  eden space 119296K, 0% used [0x00000000eb400000,0x00000000eb400000,0x00000000f2880000)
  from space 4608K, 99% used [0x00000000f3900000,0x00000000f3d7fc20,0x00000000f3d80000)
  to   space 7168K, 0% used [0x00000000f2f80000,0x00000000f2f80000,0x00000000f3680000)
 ParOldGen       total 27136K, used 13005K [0x00000000c1c00000, 0x00000000c3680000, 0x00000000eb400000)
  object space 27136K, 47% used [0x00000000c1c00000,0x00000000c28b3760,0x00000000c3680000)
 Metaspace       used 33531K, capacity 35882K, committed 36016K, reserved 1081344K
  class space    used 4518K, capacity 4958K, committed 5040K, reserved 1048576K
}
Event: 10.889 GC heap before
{Heap before GC invocations=12 (full 2):
 PSYoungGen      total 123904K, used 4607K [0x00000000eb400000, 0x00000000f3d80000, 0x0000000100000000)
  eden space 119296K, 0% used [0x00000000eb400000,0x00000000eb400000,0x00000000f2880000)
  from space 4608K, 99% used [0x00000000f3900000,0x00000000f3d7fc20,0x00000000f3d80000)
  to   space 7168K, 0% used [0x00000000f2f80000,0x00000000f2f80000,0x00000000f3680000)
 ParOldGen       total 27136K, used 13005K [0x00000000c1c00000, 0x00000000c3680000, 0x00000000eb400000)
  object space 27136K, 47% used [0x00000000c1c00000,0x00000000c28b3760,0x00000000c3680000)
 Metaspace       used 33531K, capacity 35882K, committed 36016K, reserved 1081344K
  class space    used 4518K, capacity 4958K, committed 5040K, reserved 1048576K
Event: 10.962 GC heap after
Heap after GC invocations=12 (full 2):
 PSYoungGen      total 123904K, used 0K [0x00000000eb400000, 0x00000000f3d80000, 0x0000000100000000)
  eden space 119296K, 0% used [0x00000000eb400000,0x00000000eb400000,0x00000000f2880000)
  from space 4608K, 0% used [0x00000000f3900000,0x00000000f3900000,0x00000000f3d80000)
  to   space 7168K, 0% used [0x00000000f2f80000,0x00000000f2f80000,0x00000000f3680000)
 ParOldGen       total 41984K, used 13766K [0x00000000c1c00000, 0x00000000c4500000, 0x00000000eb400000)
  object space 41984K, 32% used [0x00000000c1c00000,0x00000000c2971940,0x00000000c4500000)
 Metaspace       used 33531K, capacity 35882K, committed 36016K, reserved 1081344K
  class space    used 4518K, capacity 4958K, committed 5040K, reserved 1048576K
}
Event: 17.971 GC heap before
{Heap before GC invocations=13 (full 2):
 PSYoungGen      total 123904K, used 119296K [0x00000000eb400000, 0x00000000f3d80000, 0x0000000100000000)
  eden space 119296K, 100% used [0x00000000eb400000,0x00000000f2880000,0x00000000f2880000)
  from space 4608K, 0% used [0x00000000f3900000,0x00000000f3900000,0x00000000f3d80000)
  to   space 7168K, 0% used [0x00000000f2f80000,0x00000000f2f80000,0x00000000f3680000)
 ParOldGen       total 41984K, used 13766K [0x00000000c1c00000, 0x00000000c4500000, 0x00000000eb400000)
  object space 41984K, 32% used [0x00000000c1c00000,0x00000000c2971940,0x00000000c4500000)
 Metaspace       used 49279K, capacity 51972K, committed 52144K, reserved 1093632K
  class space    used 6745K, capacity 7247K, committed 7344K, reserved 1048576K
Event: 18.000 GC heap after
Heap after GC invocations=13 (full 2):
 PSYoungGen      total 126464K, used 7161K [0x00000000eb400000, 0x00000000f3d80000, 0x0000000100000000)
  eden space 119296K, 0% used [0x00000000eb400000,0x00000000eb400000,0x00000000f2880000)
  from space 7168K, 99% used [0x00000000f2f80000,0x00000000f367e700,0x00000000f3680000)
  to   space 4608K, 0% used [0x00000000f3900000,0x00000000f3900000,0x00000000f3d80000)
 ParOldGen       total 41984K, used 23829K [0x00000000c1c00000, 0x00000000c4500000, 0x00000000eb400000)
  object space 41984K, 56% used [0x00000000c1c00000,0x00000000c3345600,0x00000000c4500000)
 Metaspace       used 49279K, capacity 51972K, committed 52144K, reserved 1093632K
  class space    used 6745K, capacity 7247K, committed 7344K, reserved 1048576K
}

